Determining if the pthread_create exist failed with the following output:
Change Dir: /home/lab/telelocomotion_ws/build/CMakeFiles/CMakeTmp

Run Build Command(s):/usr/bin/make cmTC_8f188/fast 
/usr/bin/make -f CMakeFiles/cmTC_8f188.dir/build.make CMakeFiles/cmTC_8f188.dir/build
make[1]: Entering directory '/home/lab/telelocomotion_ws/build/CMakeFiles/CMakeTmp'
Building C object CMakeFiles/cmTC_8f188.dir/CheckSymbolExists.c.o
/usr/bin/cc    -o CMakeFiles/cmTC_8f188.dir/CheckSymbolExists.c.o   -c /home/lab/telelocomotion_ws/build/CMakeFiles/CMakeTmp/CheckSymbolExists.c
Linking C executable cmTC_8f188
/usr/local/bin/cmake -E cmake_link_script CMakeFiles/cmTC_8f188.dir/link.txt --verbose=1
/usr/bin/cc      -rdynamic CMakeFiles/cmTC_8f188.dir/CheckSymbolExists.c.o  -o cmTC_8f188 
CMakeFiles/cmTC_8f188.dir/CheckSymbolExists.c.o: In function `main':
CheckSymbolExists.c:(.text+0x16): undefined reference to `pthread_create'
collect2: error: ld returned 1 exit status
CMakeFiles/cmTC_8f188.dir/build.make:86: recipe for target 'cmTC_8f188' failed
make[1]: *** [cmTC_8f188] Error 1
make[1]: Leaving directory '/home/lab/telelocomotion_ws/build/CMakeFiles/CMakeTmp'
Makefile:121: recipe for target 'cmTC_8f188/fast' failed
make: *** [cmTC_8f188/fast] Error 2

File /home/lab/telelocomotion_ws/build/CMakeFiles/CMakeTmp/CheckSymbolExists.c:
/* */
#include <pthread.h>

int main(int argc, char** argv)
{
  (void)argv;
#ifndef pthread_create
  return ((int*)(&pthread_create))[argc];
#else
  (void)argc;
  return 0;
#endif
}

Determining if the function pthread_create exists in the pthreads failed with the following output:
Change Dir: /home/lab/telelocomotion_ws/build/CMakeFiles/CMakeTmp

Run Build Command(s):/usr/bin/make cmTC_bcbb7/fast 
/usr/bin/make -f CMakeFiles/cmTC_bcbb7.dir/build.make CMakeFiles/cmTC_bcbb7.dir/build
make[1]: Entering directory '/home/lab/telelocomotion_ws/build/CMakeFiles/CMakeTmp'
Building C object CMakeFiles/cmTC_bcbb7.dir/CheckFunctionExists.c.o
/usr/bin/cc   -DCHECK_FUNCTION_EXISTS=pthread_create   -o CMakeFiles/cmTC_bcbb7.dir/CheckFunctionExists.c.o   -c /usr/local/share/cmake-3.14/Modules/CheckFunctionExists.c
Linking C executable cmTC_bcbb7
/usr/local/bin/cmake -E cmake_link_script CMakeFiles/cmTC_bcbb7.dir/link.txt --verbose=1
/usr/bin/cc  -DCHECK_FUNCTION_EXISTS=pthread_create    -rdynamic CMakeFiles/cmTC_bcbb7.dir/CheckFunctionExists.c.o  -o cmTC_bcbb7 -lpthreads 
/usr/bin/ld: cannot find -lpthreads
collect2: error: ld returned 1 exit status
CMakeFiles/cmTC_bcbb7.dir/build.make:86: recipe for target 'cmTC_bcbb7' failed
make[1]: *** [cmTC_bcbb7] Error 1
make[1]: Leaving directory '/home/lab/telelocomotion_ws/build/CMakeFiles/CMakeTmp'
Makefile:121: recipe for target 'cmTC_bcbb7/fast' failed
make: *** [cmTC_bcbb7/fast] Error 2


